<?xml version="1.0" encoding="UTF-8"?>
<!-- Generated by org.testng.reporters.JUnitReportReporter -->
<testsuite hostname="DESKTOP-HHRE872" failures="0" tests="17" name="tests.AppTest" time="733.686" errors="0" timestamp="2020-06-10T13:11:01 IST" skipped="0">
  <testcase classname="tests.AppTest" name="OpenBaseApp" time="49.351"/>
  <system-out/>
  <testcase classname="tests.AppTest" name="OpenBaseApp" time="49.881"/>
  <system-out/>
  <testcase classname="tests.AppTest" name="OpenBaseApp" time="50.783"/>
  <system-out/>
  <testcase classname="tests.AppTest" name="OpenBaseApp" time="20.592"/>
  <system-out/>
  <testcase classname="tests.AppTest" name="OpenBaseApp" time="33.515"/>
  <system-out/>
  <testcase classname="tests.AppTest" name="OpenBaseApp" time="23.442"/>
  <system-out/>
  <testcase classname="tests.AppTest" name="OpenBaseApp" time="75.068"/>
  <system-out/>
  <testcase classname="tests.AppTest" name="OpenBaseApp" time="73.539"/>
  <system-out/>
  <testcase classname="tests.AppTest" name="OpenBaseApp" time="47.059"/>
  <system-out/>
  <testcase classname="tests.AppTest" name="OpenBaseApp" time="16.839"/>
  <system-out/>
  <testcase classname="tests.AppTest" name="OpenBaseApp" time="17.748"/>
  <system-out/>
  <testcase classname="tests.AppTest" name="OpenBaseApp" time="46.374"/>
  <system-out/>
  <testcase classname="tests.AppTest" name="OpenBaseApp" time="27.139"/>
  <system-out/>
  <testcase classname="tests.AppTest" name="OpenBaseApp" time="21.510"/>
  <system-out/>
  <testcase classname="tests.AppTest" name="OpenBaseApp" time="75.014"/>
  <system-out/>
  <testcase classname="tests.AppTest" name="OpenBaseApp" time="79.364"/>
  <system-out/>
  <testcase classname="tests.AppTest" name="OpenBaseApp" time="26.468"/>
  <system-out/>
</testsuite> <!-- tests.AppTest -->
