<?xml version="1.0" encoding="UTF-8"?>
<!-- Generated by org.testng.reporters.JUnitReportReporter -->
<testsuite hostname="DESKTOP-HHRE872" failures="0" tests="1" name="tests.BaseClass" time="0.009" errors="0" timestamp="2020-05-21T13:10:27 IST" skipped="0">
  <testcase classname="tests.BaseClass" name="test" time="0.009"/>
  <system-out/>
</testsuite> <!-- tests.BaseClass -->
