<?xml version="1.0" encoding="UTF-8"?>
<!-- Generated by org.testng.reporters.JUnitReportReporter -->
<testsuite hostname="DESKTOP-HHRE872" failures="0" tests="1" name="tests.EditClass" time="78.555" errors="0" timestamp="2020-06-09T17:07:42 IST" skipped="0">
  <testcase classname="tests.EditClass" name="OpenBaseApp" time="78.555"/>
  <system-out/>
</testsuite> <!-- tests.EditClass -->
